<?xml version="1.0" encoding="UTF-8"?>
<!-- Generated by org.testng.reporters.JUnitReportReporter -->
<testsuite hostname="DESKTOP-M369272" failures="0" tests="1" name="testTestCases.LoginTest" time="1.227" errors="0" timestamp="2021-01-25T17:02:02 PST" skipped="0">
  <testcase classname="testTestCases.LoginTest" name="Login" time="1.227"/>
  <system-out>
Login successful  </system-out>
</testsuite> <!-- testTestCases.LoginTest -->
