<?xml version="1.0" encoding="UTF-8"?>
<!-- Generated by org.testng.reporters.JUnitReportReporter -->
<testsuite hostname="DESKTOP-M369272" failures="0" tests="2" name="testTestCases.AddCustomer" time="0.586" errors="0" timestamp="2021-02-02T12:31:25 PST" skipped="0">
  <testcase classname="testTestCases.AddCustomer" name="addCustomer" time="0.361"/>
  <system-out>
CustomerAdded success  </system-out>
  <testcase classname="testTestCases.AddCustomer" name="addCustomer" time="0.225"/>
  <system-out>
CustomerAdded success  </system-out>
</testsuite> <!-- testTestCases.AddCustomer -->
