<?xml version="1.0" encoding="UTF-8"?>
<!-- Generated by org.testng.reporters.JUnitReportReporter -->
<testsuite hostname="DESKTOP-M369272" failures="0" tests="1" name="testTestCases.LoginTest" time="2.668" errors="0" timestamp="2021-02-02T12:31:25 PST" skipped="0">
  <testcase classname="testTestCases.LoginTest" name="Login" time="2.668"/>
  <system-out>
Login successful  </system-out>
</testsuite> <!-- testTestCases.LoginTest -->
